* using log directory ‘/Users/jessie/Dropbox/contigIdentify/code/VirFinder/VirFinderR/VirFinder/mac/VirFinder.Rcheck’
* using R version 3.3.0 (2016-05-03)
* using platform: x86_64-apple-darwin13.4.0 (64-bit)
* using session charset: UTF-8
* checking for file ‘VirFinder/DESCRIPTION’ ... OK
* checking extension type ... Package
* this is package ‘VirFinder’ version ‘1.1’
* checking package namespace information ... OK
* checking package dependencies ... OK
* checking if this is a source package ... OK
* checking if there is a namespace ... OK
* checking for executable files ... OK
* checking for hidden files and directories ... OK
* checking for portable file names ... OK
* checking for sufficient/correct file permissions ... OK
* checking whether package ‘VirFinder’ can be installed ... OK
* checking installed package size ... NOTE
  installed size is  5.2Mb
  sub-directories of 1Mb or more:
    data   5.0Mb
* checking package directory ... OK
* checking DESCRIPTION meta-information ... OK
* checking top-level files ... OK
* checking for left-over files ... OK
* checking index information ... OK
* checking package subdirectories ... OK
* checking R files for non-ASCII characters ... OK
* checking R files for syntax errors ... OK
* checking whether the package can be loaded ... OK
* checking whether the package can be loaded with stated dependencies ... OK
* checking whether the package can be unloaded cleanly ... OK
* checking whether the namespace can be loaded with stated dependencies ... OK
* checking whether the namespace can be unloaded cleanly ... OK
* checking dependencies in R code ... OK
* checking S3 generic/method consistency ... OK
* checking replacement functions ... OK
* checking foreign function calls ... OK
* checking R code for possible problems ... NOTE
VF.pred: no visible binding for global variable ‘VF.trainMod8mer’
Undefined global functions or variables:
  VF.trainMod8mer
* checking Rd files ... WARNING
VF.qvalue.Rd: non-ASCII input and no declared encoding
problem found in ‘VF.qvalue.Rd’
* checking Rd metadata ... OK
* checking Rd cross-references ... OK
* checking for missing documentation entries ... WARNING
Undocumented code objects:
  ‘convert1234ToACGT’ ‘countSeqFeatureCpp’ ‘findUniquePairWords’
  ‘four2tenCplusOrder’ ‘nullDis’ ‘reverse’ ‘seqSplit’
  ‘ten2fourCplusOrder’ ‘trainDataCollect’ ‘trainMod’
All user-level objects in a package should have documentation entries.
See chapter ‘Writing R documentation files’ in the ‘Writing R
Extensions’ manual.
* checking for code/documentation mismatches ... OK
* checking Rd \usage sections ... OK
* checking Rd contents ... OK
* checking for unstated dependencies in examples ... OK
* checking contents of ‘data’ directory ... WARNING
Files not of a type allowed in a ‘data’ directory:
  ‘contigs.fa’ ‘crAssphage.fa’ ‘tara_host.fa’ ‘tara_virus.fa’
Please use e.g. ‘inst/extdata’ for non-R data files
* checking data for non-ASCII characters ... OK
* checking data for ASCII and uncompressed saves ... OK
* checking line endings in C/C++/Fortran sources/headers ... OK
* checking compiled code ... OK
* checking examples ... OK
* checking PDF version of manual ... OK
* DONE
Status: 3 WARNINGs, 2 NOTEs
