Hmm ... looks like a package

This is pdfTeX, Version 3.14159265-2.6-1.40.15 (TeX Live 2014) (preloaded format=pdflatex)
 restricted \write18 enabled.
entering extended mode
LaTeX2e <2014/05/01>
Babel <3.9k> and hyphenation patterns for 78 languages loaded.
(./Rd2.tex
(/usr/local/texlive/2014/texmf-dist/tex/latex/base/book.cls
Document Class: book 2007/10/19 v1.4h Standard LaTeX document class
(/usr/local/texlive/2014/texmf-dist/tex/latex/base/bk10.clo))
(/Library/Frameworks/R.framework/Resources/share/texmf/tex/latex/Rd.sty
(/usr/local/texlive/2014/texmf-dist/tex/latex/base/ifthen.sty)
(/usr/local/texlive/2014/texmf-dist/tex/latex/tools/longtable.sty)
(/usr/local/texlive/2014/texmf-dist/tex/latex/tools/bm.sty)
(/usr/local/texlive/2014/texmf-dist/tex/latex/base/alltt.sty)
(/usr/local/texlive/2014/texmf-dist/tex/latex/tools/verbatim.sty)
(/usr/local/texlive/2014/texmf-dist/tex/latex/url/url.sty)
(/usr/local/texlive/2014/texmf-dist/tex/latex/base/textcomp.sty
(/usr/local/texlive/2014/texmf-dist/tex/latex/base/ts1enc.def))
(/usr/local/texlive/2014/texmf-dist/tex/latex/base/fontenc.sty
(/usr/local/texlive/2014/texmf-dist/tex/latex/base/t1enc.def))
(/usr/local/texlive/2014/texmf-dist/tex/latex/psnfss/times.sty)
(/usr/local/texlive/2014/texmf-dist/tex/latex/inconsolata/zi4.sty
(/usr/local/texlive/2014/texmf-dist/tex/latex/graphics/keyval.sty))
(/usr/local/texlive/2014/texmf-dist/tex/latex/graphics/color.sty
(/usr/local/texlive/2014/texmf-dist/tex/latex/latexconfig/color.cfg)
(/usr/local/texlive/2014/texmf-dist/tex/latex/pdftex-def/pdftex.def
(/usr/local/texlive/2014/texmf-dist/tex/generic/oberdiek/infwarerr.sty)
(/usr/local/texlive/2014/texmf-dist/tex/generic/oberdiek/ltxcmds.sty)))
(/usr/local/texlive/2014/texmf-dist/tex/latex/hyperref/hyperref.sty
(/usr/local/texlive/2014/texmf-dist/tex/generic/oberdiek/hobsub-hyperref.sty
(/usr/local/texlive/2014/texmf-dist/tex/generic/oberdiek/hobsub-generic.sty))
(/usr/local/texlive/2014/texmf-dist/tex/generic/ifxetex/ifxetex.sty)
(/usr/local/texlive/2014/texmf-dist/tex/latex/oberdiek/auxhook.sty)
(/usr/local/texlive/2014/texmf-dist/tex/latex/oberdiek/kvoptions.sty)
(/usr/local/texlive/2014/texmf-dist/tex/latex/hyperref/pd1enc.def)
(/usr/local/texlive/2014/texmf-dist/tex/latex/latexconfig/hyperref.cfg))

Package hyperref Message: Driver (autodetected): hpdftex.

(/usr/local/texlive/2014/texmf-dist/tex/latex/hyperref/hpdftex.def
(/usr/local/texlive/2014/texmf-dist/tex/latex/oberdiek/rerunfilecheck.sty))

Package hyperref Warning: Option `hyperindex' has already been used,
(hyperref)                setting the option has no effect on input line 366.


Package hyperref Warning: Option `pagebackref' has already been used,
(hyperref)                setting the option has no effect on input line 366.

) (/usr/local/texlive/2014/texmf-dist/tex/latex/base/makeidx.sty)
(/usr/local/texlive/2014/texmf-dist/tex/latex/base/inputenc.sty
(/usr/local/texlive/2014/texmf-dist/tex/latex/base/utf8.def
(/usr/local/texlive/2014/texmf-dist/tex/latex/base/t1enc.dfu)
(/usr/local/texlive/2014/texmf-dist/tex/latex/base/ot1enc.dfu)
(/usr/local/texlive/2014/texmf-dist/tex/latex/base/omsenc.dfu)
(/usr/local/texlive/2014/texmf-dist/tex/latex/base/ts1enc.dfu))
(/usr/local/texlive/2014/texmf-dist/tex/latex/base/latin1.def))
Writing index file Rd2.idx
No file Rd2.aux.
(/usr/local/texlive/2014/texmf-dist/tex/latex/base/ts1cmr.fd)
(/usr/local/texlive/2014/texmf-dist/tex/latex/psnfss/t1ptm.fd)
(/usr/local/texlive/2014/texmf-dist/tex/context/base/supp-pdf.mkii
[Loading MPS to PDF converter (version 2006.09.02).]
) (/usr/local/texlive/2014/texmf-dist/tex/latex/hyperref/nameref.sty
(/usr/local/texlive/2014/texmf-dist/tex/generic/oberdiek/gettitlestring.sty))
(/usr/local/texlive/2014/texmf-dist/tex/latex/inconsolata/t1zi4.fd)
(/usr/local/texlive/2014/texmf-dist/tex/latex/psnfss/t1phv.fd)
(/usr/local/texlive/2014/texmf-dist/tex/latex/base/utf8.def)
Overfull \hbox (31.13751pt too wide) in paragraph at lines 49--52
[]\T1/ptm/m/n/10 The pack-age con-tains the fol-low-ing func-tions: "VF.pred", 
"VF.qvalue", "VF.train.user", and "VF.pred.user".

Overfull \hbox (8.68709pt too wide) in paragraph at lines 49--52
\T1/ptm/m/n/10 "VF.pred" pre-dicts vi-ral se-quences us-ing the de-fualt traine
d model. "VF.train.user" and "VF.pred.user"
[1{/usr/local/texlive/2014/texmf-var/fonts/map/pdftex/updmap/pdftex.map}]
Overfull \hbox (31.1369pt too wide) in paragraph at lines 53--59
[]\T1/ptm/m/n/10 The pack-age con-tains five data files: "VF.trainMod8mer.rda",
 "con-tigs.fa", "crAssphage.fa", "tara_virus.fa",
(/usr/local/texlive/2014/texmf-dist/tex/latex/base/utf8.def) [2]
(/usr/local/texlive/2014/texmf-dist/tex/latex/base/utf8.def) [3]
Overfull \hbox (38.581pt too wide) in paragraph at lines 169--169
 []\T1/zi4/m/n/9 #### (1.2) specify the directory where the trained model will 
be saved to, and the name of the model[] 
(/usr/local/texlive/2014/texmf-dist/tex/latex/inconsolata/ts1zi4.fd)
(/usr/local/texlive/2014/texmf-dist/tex/latex/base/utf8.def) [4]
Overfull \hbox (9.33734pt too wide) in paragraph at lines 241--249
\T1/ptm/m/n/10 Se-ries B, 64: 479-498. <URL: http://onlinelibrary.wiley.com/doi
/10.1111/1467-9868.00346/abstract>

Overfull \hbox (62.607pt too wide) in paragraph at lines 241--249
\T1/ptm/m/n/10 ings of the Na-tional Academy of Sci-ences, 100: 9440-9445. <URL
: http://www.pnas.org/content/100/16/9440.full> 
(/usr/local/texlive/2014/texmf-dist/tex/latex/base/utf8.def)
Overfull \hbox (34.78088pt too wide) in paragraph at lines 289--289
 []\T1/zi4/m/n/10 VF.train.user(trainFaFileHost, trainFaFileVirus, userModDir, 
userModName, w, equalSize)[] 
[5]
Overfull \hbox (57.48099pt too wide) in paragraph at lines 342--342
 []\T1/zi4/m/n/9 #### (1.1) specifiy the fasta files of the training contigs, o
ne for virus and one for prokaryotic hosts[] 

Overfull \hbox (38.581pt too wide) in paragraph at lines 346--346
 []\T1/zi4/m/n/9 #### (1.2) specify the directory where the trained model will 
be saved to, and the name of the model[] 
(/usr/local/texlive/2014/texmf-dist/tex/latex/base/utf8.def) [6]
Overfull \hbox (28.29701pt too wide) in paragraph at lines 386--387
[]\T1/ptm/m/n/10 The three pre-dic-tion mod-els are saved in attr(VF.trainMod8m
er, "lasso.mod_0.5k"), attr(VF.trainMod8mer,

Overfull \hbox (13.39694pt too wide) in paragraph at lines 388--389
[]\T1/ptm/m/n/10 The three null dis-tri-bu-tions are saved in attr(VF.trainMod8
mer, "nullDis_0.5k"), attr(VF.trainMod8mer,
No file Rd2.ind.
[7] (./Rd2.aux)

Package rerunfilecheck Warning: File `Rd2.out' has changed.
(rerunfilecheck)                Rerun to get outlines right
(rerunfilecheck)                or use package `bookmark'.

 )
(see the transcript file for additional information){/usr/local/texlive/2014/te
xmf-dist/fonts/enc/dvips/inconsolata/i4-ts1.enc}{/usr/local/texlive/2014/texmf-
dist/fonts/enc/dvips/base/8r.enc}{/usr/local/texlive/2014/texmf-dist/fonts/enc/
dvips/inconsolata/i4-t1-0.enc}</usr/local/texlive/2014/texmf-dist/fonts/type1/p
ublic/inconsolata/Inconsolata-zi4r.pfb></usr/local/texlive/2014/texmf-dist/font
s/type1/urw/helvetic/uhvr8a.pfb></usr/local/texlive/2014/texmf-dist/fonts/type1
/urw/times/utmb8a.pfb></usr/local/texlive/2014/texmf-dist/fonts/type1/urw/times
/utmr8a.pfb></usr/local/texlive/2014/texmf-dist/fonts/type1/urw/times/utmr8a.pf
b></usr/local/texlive/2014/texmf-dist/fonts/type1/urw/times/utmri8a.pfb>
Output written on Rd2.pdf (7 pages, 81647 bytes).
Transcript written on Rd2.log.
This is makeindex, version 2.15 [TeX Live 2014] (kpathsea + Thai support).
Scanning input file Rd2.idx....done (12 entries accepted, 0 rejected).
Sorting entries....done (44 comparisons).
Generating output file Rd2.ind....done (24 lines written, 0 warnings).
Output written in Rd2.ind.
Transcript written in Rd2.ilg.
This is pdfTeX, Version 3.14159265-2.6-1.40.15 (TeX Live 2014) (preloaded format=pdflatex)
 restricted \write18 enabled.
entering extended mode
LaTeX2e <2014/05/01>
Babel <3.9k> and hyphenation patterns for 78 languages loaded.
(./Rd2.tex
(/usr/local/texlive/2014/texmf-dist/tex/latex/base/book.cls
Document Class: book 2007/10/19 v1.4h Standard LaTeX document class
(/usr/local/texlive/2014/texmf-dist/tex/latex/base/bk10.clo))
(/Library/Frameworks/R.framework/Resources/share/texmf/tex/latex/Rd.sty
(/usr/local/texlive/2014/texmf-dist/tex/latex/base/ifthen.sty)
(/usr/local/texlive/2014/texmf-dist/tex/latex/tools/longtable.sty)
(/usr/local/texlive/2014/texmf-dist/tex/latex/tools/bm.sty)
(/usr/local/texlive/2014/texmf-dist/tex/latex/base/alltt.sty)
(/usr/local/texlive/2014/texmf-dist/tex/latex/tools/verbatim.sty)
(/usr/local/texlive/2014/texmf-dist/tex/latex/url/url.sty)
(/usr/local/texlive/2014/texmf-dist/tex/latex/base/textcomp.sty
(/usr/local/texlive/2014/texmf-dist/tex/latex/base/ts1enc.def))
(/usr/local/texlive/2014/texmf-dist/tex/latex/base/fontenc.sty
(/usr/local/texlive/2014/texmf-dist/tex/latex/base/t1enc.def))
(/usr/local/texlive/2014/texmf-dist/tex/latex/psnfss/times.sty)
(/usr/local/texlive/2014/texmf-dist/tex/latex/inconsolata/zi4.sty
(/usr/local/texlive/2014/texmf-dist/tex/latex/graphics/keyval.sty))
(/usr/local/texlive/2014/texmf-dist/tex/latex/graphics/color.sty
(/usr/local/texlive/2014/texmf-dist/tex/latex/latexconfig/color.cfg)
(/usr/local/texlive/2014/texmf-dist/tex/latex/pdftex-def/pdftex.def
(/usr/local/texlive/2014/texmf-dist/tex/generic/oberdiek/infwarerr.sty)
(/usr/local/texlive/2014/texmf-dist/tex/generic/oberdiek/ltxcmds.sty)))
(/usr/local/texlive/2014/texmf-dist/tex/latex/hyperref/hyperref.sty
(/usr/local/texlive/2014/texmf-dist/tex/generic/oberdiek/hobsub-hyperref.sty
(/usr/local/texlive/2014/texmf-dist/tex/generic/oberdiek/hobsub-generic.sty))
(/usr/local/texlive/2014/texmf-dist/tex/generic/ifxetex/ifxetex.sty)
(/usr/local/texlive/2014/texmf-dist/tex/latex/oberdiek/auxhook.sty)
(/usr/local/texlive/2014/texmf-dist/tex/latex/oberdiek/kvoptions.sty)
(/usr/local/texlive/2014/texmf-dist/tex/latex/hyperref/pd1enc.def)
(/usr/local/texlive/2014/texmf-dist/tex/latex/latexconfig/hyperref.cfg))

Package hyperref Message: Driver (autodetected): hpdftex.

(/usr/local/texlive/2014/texmf-dist/tex/latex/hyperref/hpdftex.def
(/usr/local/texlive/2014/texmf-dist/tex/latex/oberdiek/rerunfilecheck.sty))

Package hyperref Warning: Option `hyperindex' has already been used,
(hyperref)                setting the option has no effect on input line 366.


Package hyperref Warning: Option `pagebackref' has already been used,
(hyperref)                setting the option has no effect on input line 366.

) (/usr/local/texlive/2014/texmf-dist/tex/latex/base/makeidx.sty)
(/usr/local/texlive/2014/texmf-dist/tex/latex/base/inputenc.sty
(/usr/local/texlive/2014/texmf-dist/tex/latex/base/utf8.def
(/usr/local/texlive/2014/texmf-dist/tex/latex/base/t1enc.dfu)
(/usr/local/texlive/2014/texmf-dist/tex/latex/base/ot1enc.dfu)
(/usr/local/texlive/2014/texmf-dist/tex/latex/base/omsenc.dfu)
(/usr/local/texlive/2014/texmf-dist/tex/latex/base/ts1enc.dfu))
(/usr/local/texlive/2014/texmf-dist/tex/latex/base/latin1.def))
Writing index file Rd2.idx
(./Rd2.aux) (/usr/local/texlive/2014/texmf-dist/tex/latex/base/ts1cmr.fd)
(/usr/local/texlive/2014/texmf-dist/tex/latex/psnfss/t1ptm.fd)
(/usr/local/texlive/2014/texmf-dist/tex/context/base/supp-pdf.mkii
[Loading MPS to PDF converter (version 2006.09.02).]
) (/usr/local/texlive/2014/texmf-dist/tex/latex/hyperref/nameref.sty
(/usr/local/texlive/2014/texmf-dist/tex/generic/oberdiek/gettitlestring.sty))
(./Rd2.out) (./Rd2.out)
(/usr/local/texlive/2014/texmf-dist/tex/latex/inconsolata/t1zi4.fd)
(/usr/local/texlive/2014/texmf-dist/tex/latex/psnfss/t1phv.fd) (./Rd2.toc)
(/usr/local/texlive/2014/texmf-dist/tex/latex/base/utf8.def) [1{/usr/local/texl
ive/2014/texmf-var/fonts/map/pdftex/updmap/pdftex.map}]
Overfull \hbox (31.13751pt too wide) in paragraph at lines 49--52
[]\T1/ptm/m/n/10 The pack-age con-tains the fol-low-ing func-tions: "VF.pred", 
"VF.qvalue", "VF.train.user", and "VF.pred.user".

Overfull \hbox (8.68709pt too wide) in paragraph at lines 49--52
\T1/ptm/m/n/10 "VF.pred" pre-dicts vi-ral se-quences us-ing the de-fualt traine
d model. "VF.train.user" and "VF.pred.user"

Overfull \hbox (31.1369pt too wide) in paragraph at lines 53--59
[]\T1/ptm/m/n/10 The pack-age con-tains five data files: "VF.trainMod8mer.rda",
 "con-tigs.fa", "crAssphage.fa", "tara_virus.fa",
(/usr/local/texlive/2014/texmf-dist/tex/latex/base/utf8.def) [2]
(/usr/local/texlive/2014/texmf-dist/tex/latex/base/utf8.def) [3]
Overfull \hbox (38.581pt too wide) in paragraph at lines 169--169
 []\T1/zi4/m/n/9 #### (1.2) specify the directory where the trained model will 
be saved to, and the name of the model[] 
(/usr/local/texlive/2014/texmf-dist/tex/latex/inconsolata/ts1zi4.fd)
(/usr/local/texlive/2014/texmf-dist/tex/latex/base/utf8.def) [4]
Overfull \hbox (9.33734pt too wide) in paragraph at lines 241--249
\T1/ptm/m/n/10 Se-ries B, 64: 479-498. <URL: http://onlinelibrary.wiley.com/doi
/10.1111/1467-9868.00346/abstract>

Overfull \hbox (62.607pt too wide) in paragraph at lines 241--249
\T1/ptm/m/n/10 ings of the Na-tional Academy of Sci-ences, 100: 9440-9445. <URL
: http://www.pnas.org/content/100/16/9440.full> 
(/usr/local/texlive/2014/texmf-dist/tex/latex/base/utf8.def) [5]
Overfull \hbox (34.78088pt too wide) in paragraph at lines 289--289
 []\T1/zi4/m/n/10 VF.train.user(trainFaFileHost, trainFaFileVirus, userModDir, 
userModName, w, equalSize)[] 

Overfull \hbox (57.48099pt too wide) in paragraph at lines 342--342
 []\T1/zi4/m/n/9 #### (1.1) specifiy the fasta files of the training contigs, o
ne for virus and one for prokaryotic hosts[] 
[6]
Overfull \hbox (38.581pt too wide) in paragraph at lines 346--346
 []\T1/zi4/m/n/9 #### (1.2) specify the directory where the trained model will 
be saved to, and the name of the model[] 
(/usr/local/texlive/2014/texmf-dist/tex/latex/base/utf8.def)
Overfull \hbox (28.29701pt too wide) in paragraph at lines 386--387
[]\T1/ptm/m/n/10 The three pre-dic-tion mod-els are saved in attr(VF.trainMod8m
er, "lasso.mod_0.5k"), attr(VF.trainMod8mer,

Overfull \hbox (13.39694pt too wide) in paragraph at lines 388--389
[]\T1/ptm/m/n/10 The three null dis-tri-bu-tions are saved in attr(VF.trainMod8
mer, "nullDis_0.5k"), attr(VF.trainMod8mer,
[7] (./Rd2.ind [8]

LaTeX Font Warning: Font shape `T1/zi4/m/it' undefined
(Font)              using `T1/zi4/m/n' instead on input line 20.

[9]) (./Rd2.aux)

Package rerunfilecheck Warning: File `Rd2.out' has changed.
(rerunfilecheck)                Rerun to get outlines right
(rerunfilecheck)                or use package `bookmark'.


LaTeX Font Warning: Some font shapes were not available, defaults substituted.

 )
(see the transcript file for additional information){/usr/local/texlive/2014/te
xmf-dist/fonts/enc/dvips/inconsolata/i4-ts1.enc}{/usr/local/texlive/2014/texmf-
dist/fonts/enc/dvips/base/8r.enc}{/usr/local/texlive/2014/texmf-dist/fonts/enc/
dvips/inconsolata/i4-t1-0.enc}</usr/local/texlive/2014/texmf-dist/fonts/type1/p
ublic/inconsolata/Inconsolata-zi4r.pfb></usr/local/texlive/2014/texmf-dist/font
s/type1/public/amsfonts/cm/cmsy10.pfb></usr/local/texlive/2014/texmf-dist/fonts
/type1/urw/helvetic/uhvr8a.pfb></usr/local/texlive/2014/texmf-dist/fonts/type1/
urw/times/utmb8a.pfb></usr/local/texlive/2014/texmf-dist/fonts/type1/urw/times/
utmr8a.pfb></usr/local/texlive/2014/texmf-dist/fonts/type1/urw/times/utmr8a.pfb
></usr/local/texlive/2014/texmf-dist/fonts/type1/urw/times/utmri8a.pfb>
Output written on Rd2.pdf (9 pages, 90853 bytes).
Transcript written on Rd2.log.
This is makeindex, version 2.15 [TeX Live 2014] (kpathsea + Thai support).
Scanning input file Rd2.idx....done (12 entries accepted, 0 rejected).
Sorting entries....done (44 comparisons).
Generating output file Rd2.ind....done (24 lines written, 0 warnings).
Output written in Rd2.ind.
Transcript written in Rd2.ilg.
This is pdfTeX, Version 3.14159265-2.6-1.40.15 (TeX Live 2014) (preloaded format=pdflatex)
 restricted \write18 enabled.
entering extended mode
LaTeX2e <2014/05/01>
Babel <3.9k> and hyphenation patterns for 78 languages loaded.
(./Rd2.tex
(/usr/local/texlive/2014/texmf-dist/tex/latex/base/book.cls
Document Class: book 2007/10/19 v1.4h Standard LaTeX document class
(/usr/local/texlive/2014/texmf-dist/tex/latex/base/bk10.clo))
(/Library/Frameworks/R.framework/Resources/share/texmf/tex/latex/Rd.sty
(/usr/local/texlive/2014/texmf-dist/tex/latex/base/ifthen.sty)
(/usr/local/texlive/2014/texmf-dist/tex/latex/tools/longtable.sty)
(/usr/local/texlive/2014/texmf-dist/tex/latex/tools/bm.sty)
(/usr/local/texlive/2014/texmf-dist/tex/latex/base/alltt.sty)
(/usr/local/texlive/2014/texmf-dist/tex/latex/tools/verbatim.sty)
(/usr/local/texlive/2014/texmf-dist/tex/latex/url/url.sty)
(/usr/local/texlive/2014/texmf-dist/tex/latex/base/textcomp.sty
(/usr/local/texlive/2014/texmf-dist/tex/latex/base/ts1enc.def))
(/usr/local/texlive/2014/texmf-dist/tex/latex/base/fontenc.sty
(/usr/local/texlive/2014/texmf-dist/tex/latex/base/t1enc.def))
(/usr/local/texlive/2014/texmf-dist/tex/latex/psnfss/times.sty)
(/usr/local/texlive/2014/texmf-dist/tex/latex/inconsolata/zi4.sty
(/usr/local/texlive/2014/texmf-dist/tex/latex/graphics/keyval.sty))
(/usr/local/texlive/2014/texmf-dist/tex/latex/graphics/color.sty
(/usr/local/texlive/2014/texmf-dist/tex/latex/latexconfig/color.cfg)
(/usr/local/texlive/2014/texmf-dist/tex/latex/pdftex-def/pdftex.def
(/usr/local/texlive/2014/texmf-dist/tex/generic/oberdiek/infwarerr.sty)
(/usr/local/texlive/2014/texmf-dist/tex/generic/oberdiek/ltxcmds.sty)))
(/usr/local/texlive/2014/texmf-dist/tex/latex/hyperref/hyperref.sty
(/usr/local/texlive/2014/texmf-dist/tex/generic/oberdiek/hobsub-hyperref.sty
(/usr/local/texlive/2014/texmf-dist/tex/generic/oberdiek/hobsub-generic.sty))
(/usr/local/texlive/2014/texmf-dist/tex/generic/ifxetex/ifxetex.sty)
(/usr/local/texlive/2014/texmf-dist/tex/latex/oberdiek/auxhook.sty)
(/usr/local/texlive/2014/texmf-dist/tex/latex/oberdiek/kvoptions.sty)
(/usr/local/texlive/2014/texmf-dist/tex/latex/hyperref/pd1enc.def)
(/usr/local/texlive/2014/texmf-dist/tex/latex/latexconfig/hyperref.cfg))

Package hyperref Message: Driver (autodetected): hpdftex.

(/usr/local/texlive/2014/texmf-dist/tex/latex/hyperref/hpdftex.def
(/usr/local/texlive/2014/texmf-dist/tex/latex/oberdiek/rerunfilecheck.sty))

Package hyperref Warning: Option `hyperindex' has already been used,
(hyperref)                setting the option has no effect on input line 366.


Package hyperref Warning: Option `pagebackref' has already been used,
(hyperref)                setting the option has no effect on input line 366.

) (/usr/local/texlive/2014/texmf-dist/tex/latex/base/makeidx.sty)
(/usr/local/texlive/2014/texmf-dist/tex/latex/base/inputenc.sty
(/usr/local/texlive/2014/texmf-dist/tex/latex/base/utf8.def
(/usr/local/texlive/2014/texmf-dist/tex/latex/base/t1enc.dfu)
(/usr/local/texlive/2014/texmf-dist/tex/latex/base/ot1enc.dfu)
(/usr/local/texlive/2014/texmf-dist/tex/latex/base/omsenc.dfu)
(/usr/local/texlive/2014/texmf-dist/tex/latex/base/ts1enc.dfu))
(/usr/local/texlive/2014/texmf-dist/tex/latex/base/latin1.def))
Writing index file Rd2.idx
(./Rd2.aux) (/usr/local/texlive/2014/texmf-dist/tex/latex/base/ts1cmr.fd)
(/usr/local/texlive/2014/texmf-dist/tex/latex/psnfss/t1ptm.fd)
(/usr/local/texlive/2014/texmf-dist/tex/context/base/supp-pdf.mkii
[Loading MPS to PDF converter (version 2006.09.02).]
) (/usr/local/texlive/2014/texmf-dist/tex/latex/hyperref/nameref.sty
(/usr/local/texlive/2014/texmf-dist/tex/generic/oberdiek/gettitlestring.sty))
(./Rd2.out) (./Rd2.out)
(/usr/local/texlive/2014/texmf-dist/tex/latex/inconsolata/t1zi4.fd)
(/usr/local/texlive/2014/texmf-dist/tex/latex/psnfss/t1phv.fd) (./Rd2.toc)
(/usr/local/texlive/2014/texmf-dist/tex/latex/base/utf8.def) [1{/usr/local/texl
ive/2014/texmf-var/fonts/map/pdftex/updmap/pdftex.map}]
Overfull \hbox (31.13751pt too wide) in paragraph at lines 49--52
[]\T1/ptm/m/n/10 The pack-age con-tains the fol-low-ing func-tions: "VF.pred", 
"VF.qvalue", "VF.train.user", and "VF.pred.user".

Overfull \hbox (8.68709pt too wide) in paragraph at lines 49--52
\T1/ptm/m/n/10 "VF.pred" pre-dicts vi-ral se-quences us-ing the de-fualt traine
d model. "VF.train.user" and "VF.pred.user"

Overfull \hbox (31.1369pt too wide) in paragraph at lines 53--59
[]\T1/ptm/m/n/10 The pack-age con-tains five data files: "VF.trainMod8mer.rda",
 "con-tigs.fa", "crAssphage.fa", "tara_virus.fa",
(/usr/local/texlive/2014/texmf-dist/tex/latex/base/utf8.def) [2]
(/usr/local/texlive/2014/texmf-dist/tex/latex/base/utf8.def) [3]
Overfull \hbox (38.581pt too wide) in paragraph at lines 169--169
 []\T1/zi4/m/n/9 #### (1.2) specify the directory where the trained model will 
be saved to, and the name of the model[] 
(/usr/local/texlive/2014/texmf-dist/tex/latex/inconsolata/ts1zi4.fd)
(/usr/local/texlive/2014/texmf-dist/tex/latex/base/utf8.def) [4]
Overfull \hbox (9.33734pt too wide) in paragraph at lines 241--249
\T1/ptm/m/n/10 Se-ries B, 64: 479-498. <URL: http://onlinelibrary.wiley.com/doi
/10.1111/1467-9868.00346/abstract>

Overfull \hbox (62.607pt too wide) in paragraph at lines 241--249
\T1/ptm/m/n/10 ings of the Na-tional Academy of Sci-ences, 100: 9440-9445. <URL
: http://www.pnas.org/content/100/16/9440.full> 
(/usr/local/texlive/2014/texmf-dist/tex/latex/base/utf8.def) [5]
Overfull \hbox (34.78088pt too wide) in paragraph at lines 289--289
 []\T1/zi4/m/n/10 VF.train.user(trainFaFileHost, trainFaFileVirus, userModDir, 
userModName, w, equalSize)[] 

Overfull \hbox (57.48099pt too wide) in paragraph at lines 342--342
 []\T1/zi4/m/n/9 #### (1.1) specifiy the fasta files of the training contigs, o
ne for virus and one for prokaryotic hosts[] 
[6]
Overfull \hbox (38.581pt too wide) in paragraph at lines 346--346
 []\T1/zi4/m/n/9 #### (1.2) specify the directory where the trained model will 
be saved to, and the name of the model[] 
(/usr/local/texlive/2014/texmf-dist/tex/latex/base/utf8.def)
Overfull \hbox (28.29701pt too wide) in paragraph at lines 386--387
[]\T1/ptm/m/n/10 The three pre-dic-tion mod-els are saved in attr(VF.trainMod8m
er, "lasso.mod_0.5k"), attr(VF.trainMod8mer,

Overfull \hbox (13.39694pt too wide) in paragraph at lines 388--389
[]\T1/ptm/m/n/10 The three null dis-tri-bu-tions are saved in attr(VF.trainMod8
mer, "nullDis_0.5k"), attr(VF.trainMod8mer,
[7] (./Rd2.ind [8]

LaTeX Font Warning: Font shape `T1/zi4/m/it' undefined
(Font)              using `T1/zi4/m/n' instead on input line 20.

[9]) (./Rd2.aux)

LaTeX Font Warning: Some font shapes were not available, defaults substituted.

 )
(see the transcript file for additional information){/usr/local/texlive/2014/te
xmf-dist/fonts/enc/dvips/inconsolata/i4-ts1.enc}{/usr/local/texlive/2014/texmf-
dist/fonts/enc/dvips/base/8r.enc}{/usr/local/texlive/2014/texmf-dist/fonts/enc/
dvips/inconsolata/i4-t1-0.enc}</usr/local/texlive/2014/texmf-dist/fonts/type1/p
ublic/inconsolata/Inconsolata-zi4r.pfb></usr/local/texlive/2014/texmf-dist/font
s/type1/public/amsfonts/cm/cmsy10.pfb></usr/local/texlive/2014/texmf-dist/fonts
/type1/urw/helvetic/uhvr8a.pfb></usr/local/texlive/2014/texmf-dist/fonts/type1/
urw/times/utmb8a.pfb></usr/local/texlive/2014/texmf-dist/fonts/type1/urw/times/
utmr8a.pfb></usr/local/texlive/2014/texmf-dist/fonts/type1/urw/times/utmr8a.pfb
></usr/local/texlive/2014/texmf-dist/fonts/type1/urw/times/utmri8a.pfb>
Output written on Rd2.pdf (9 pages, 91102 bytes).
Transcript written on Rd2.log.
Saving output to 'VirFinder-manual.pdf' ...
Done
You may want to clean up by 'rm -rf /var/folders/v1/dghc5vh15bd9pzfts5n8yl4w0000gn/T//Rtmph2JZAn/Rd2pdf8cf845c68707'
